Performing C SOURCE FILE Test CMAKE_HAVE_LIBC_PTHREAD failed with the following output:
Change Dir: /home/rondo-udoo/oscilla/MOXI2021/build/debug/CMakeFiles/CMakeTmp

Run Build Command(s):/usr/bin/gmake cmTC_a6e5e/fast && /usr/bin/gmake  -f CMakeFiles/cmTC_a6e5e.dir/build.make CMakeFiles/cmTC_a6e5e.dir/build
gmake[1]: Entering directory '/home/rondo-udoo/oscilla/MOXI2021/build/debug/CMakeFiles/CMakeTmp'
Building C object CMakeFiles/cmTC_a6e5e.dir/src.c.o
/usr/bin/cc   -DCMAKE_HAVE_LIBC_PTHREAD -o CMakeFiles/cmTC_a6e5e.dir/src.c.o -c /home/rondo-udoo/oscilla/MOXI2021/build/debug/CMakeFiles/CMakeTmp/src.c
Linking C executable cmTC_a6e5e
/usr/bin/cmake -E cmake_link_script CMakeFiles/cmTC_a6e5e.dir/link.txt --verbose=1
/usr/bin/cc  -DCMAKE_HAVE_LIBC_PTHREAD -rdynamic CMakeFiles/cmTC_a6e5e.dir/src.c.o -o cmTC_a6e5e 
/usr/bin/ld: CMakeFiles/cmTC_a6e5e.dir/src.c.o: in function `main':
src.c:(.text+0x2f): undefined reference to `pthread_create'
/usr/bin/ld: src.c:(.text+0x3b): undefined reference to `pthread_detach'
/usr/bin/ld: src.c:(.text+0x47): undefined reference to `pthread_cancel'
/usr/bin/ld: src.c:(.text+0x58): undefined reference to `pthread_join'
collect2: error: ld returned 1 exit status
gmake[1]: *** [CMakeFiles/cmTC_a6e5e.dir/build.make:106: cmTC_a6e5e] Error 1
gmake[1]: Leaving directory '/home/rondo-udoo/oscilla/MOXI2021/build/debug/CMakeFiles/CMakeTmp'
gmake: *** [Makefile:140: cmTC_a6e5e/fast] Error 2


Source file was:
#include <pthread.h>

void* test_func(void* data)
{
  return data;
}

int main(void)
{
  pthread_t thread;
  pthread_create(&thread, NULL, test_func, NULL);
  pthread_detach(thread);
  pthread_cancel(thread);
  pthread_join(thread, NULL);
  pthread_atfork(NULL, NULL, NULL);
  pthread_exit(NULL);

  return 0;
}

Determining if the function pthread_create exists in the pthreads failed with the following output:
Change Dir: /home/rondo-udoo/oscilla/MOXI2021/build/debug/CMakeFiles/CMakeTmp

Run Build Command(s):/usr/bin/gmake cmTC_2167b/fast && /usr/bin/gmake  -f CMakeFiles/cmTC_2167b.dir/build.make CMakeFiles/cmTC_2167b.dir/build
gmake[1]: Entering directory '/home/rondo-udoo/oscilla/MOXI2021/build/debug/CMakeFiles/CMakeTmp'
Building C object CMakeFiles/cmTC_2167b.dir/CheckFunctionExists.c.o
/usr/bin/cc   -DCHECK_FUNCTION_EXISTS=pthread_create -o CMakeFiles/cmTC_2167b.dir/CheckFunctionExists.c.o -c /usr/share/cmake-3.18/Modules/CheckFunctionExists.c
Linking C executable cmTC_2167b
/usr/bin/cmake -E cmake_link_script CMakeFiles/cmTC_2167b.dir/link.txt --verbose=1
/usr/bin/cc  -DCHECK_FUNCTION_EXISTS=pthread_create -rdynamic CMakeFiles/cmTC_2167b.dir/CheckFunctionExists.c.o -o cmTC_2167b  -lpthreads 
/usr/bin/ld: cannot find -lpthreads
collect2: error: ld returned 1 exit status
gmake[1]: *** [CMakeFiles/cmTC_2167b.dir/build.make:106: cmTC_2167b] Error 1
gmake[1]: Leaving directory '/home/rondo-udoo/oscilla/MOXI2021/build/debug/CMakeFiles/CMakeTmp'
gmake: *** [Makefile:140: cmTC_2167b/fast] Error 2



